<?xml version="1.0" encoding="UTF-8" ?>
<testsuite errors="0" failures="0" hostname="BriandeMacBook-Pro.local" name="com.xunlei.wifi.test.drivecases.DriverTests" skipped="0" tests="2" time="2.024" timestamp="2015-03-02T09:51:11">
  <properties>
[...]
</properties>
  <testcase classname="com.xunlei.wifi.test.drivecases.DriverTests" name="test_User" time="1.18" />
  <testcase classname="com.xunlei.wifi.test.drivecases.DriverTests" name="test_Reward" time="0.142" />
  <system-out><![CDATA[请求地址：http://twin13a087vm5.sandai.net/api/user/loginByThird
返回结果：{"userId":220062,"userName":"青青的小树","userPic":"http://wx.qlogo.cn/mmopen/5SEL2IohavAfuqZyOYF05Hhawjib7eeiajDHkldZOiatXhmzicnbpSLDucTdM5ibMsgOhaGpUCXFkBpx6GXibmsP1DibAZI0AsOV91M/0","t":"ZUzIADgZjAmYEZANkBj9aYAA6AWoMPgI2","userSecretKey":"9a4653bc3b1f5f1c0701ac386341c530","tag":1,"regTime":1418031495587,"bonus":0,"balance":0,"inviteCode":"JYYR","type":1}
220062成功登录
**********test_User START**********
请求地址：http://twin13a087vm5.sandai.net/api/user/loginByThird
返回结果：{"userId":220049,"userName":"不离不弃","userPic":"http://wx.qlogo.cn/mmopen/JCrjicctRMocTUXb8mgrBgzia4FdVZtb6afvSbyreDynApEaUZzpiaqn5icOdyOMicW2pQhj0P9e6CnbKoPjVvCkNFP9ibtFUJCSHJ/0","t":"ZUTABDwBlBGAPbwdgBD1cZllhAGsNNFBk","userSecretKey":"335e735c456fd84d3ed47f4b0523d713","tag":1,"regTime":1417673464271,"bonus":0,"balance":0,"inviteCode":"J2SN","type":1}
请求地址：http://twin13a087vm5.sandai.net/api/user/loginByThird
返回结果：{"userId":220112,"userName":"下雨天","t":"ZBWRbVVA1VzNSMgFmUmoIMgE8DWYNPwo_","userSecretKey":"c164b76965bf276b80ff52318af8785d","tag":1,"regTime":1421396002076,"bonus":0,"balance":0,"inviteCode":"PWPG","type":1}
请求地址：http://twin13a087vm5.sandai.net/api/user/accountList
返回结果：{"accountList":[{"userId":220062,"extUserId":"1EDA5014E930971855AA9B50B4D2C46C","platform":"qq","type":0,"bindTime":1422859231248},{"userId":220062,"extUserId":"oGsKms0G_IG6cvXk0sKje9sP89XU","extUserName":"青青的小树","extUserPic":"http://wx.qlogo.cn/mmopen/5SEL2IohavAfuqZyOYF05Hhawjib7eeiajDHkldZOiatXhmzicnbpSLDucTdM5ibMsgOhaGpUCXFkBpx6GXibmsP1DibAZI0AsOV91M/0","platform":"weixin","type":1,"bindTime":0}]}
**********test_User END**********
**********test_Reward START**********
请求地址：http://twin13a087vm5.sandai.net/api/reward/list
返回结果：{"missionStatusList":[{"missionId":1,"status":1},{"missionId":2,"status":1},{"missionId":3,"status":1},{"missionId":4,"status":0},{"missionId":5,"status":1},{"missionId":6,"status":1}]}
**********test_Reward END**********
]]></system-out>
  <system-err><![CDATA[callId=1425289871952  sig=2a257c3ddf3a9dfa95a99b8a10973d8d  v=1.0  appId=1  extUserId=oGsKms0G_IG6cvXk0sKje9sP89XU  extUserName=青青的小树  clientInfo={"model":"HM NOTE 1TD","version":"2.6.1","os":"4.2.2","screen":"1280*720","from":"UMENG_CHANNEL_VALUE","uniqid":"864375022142948","mac":"d4:97:0b:6a:cf:1d"}  platform=weixin  
callId=1425289873409  sig=7e1e9b070ca7fd2cb2f42fee7cd4c85a  t=ZUzIADgZjAmYEZANkBj9aYAA6AWoMPgI2  v=1.0  appId=1  extUserId=oGsKmsy5FvOg0Knw9zbqi3z4oA3Q  extUserName=不离不弃  clientInfo={"model":"HM NOTE 1TD","version":"2.6.1","os":"4.2.2","screen":"1280*720","from":"UMENG_CHANNEL_VALUE","uniqid":"864375022142948","mac":"d4:97:0b:6a:cf:1d"}  platform=weixin  
callId=1425289873478  sig=6929d2f09311a4f63cbaf312492933e9  t=ZUzIADgZjAmYEZANkBj9aYAA6AWoMPgI2  v=1.0  appId=1  extUserId=8C9F18F0F0301568472F943123C396CD  extUserName=下雨天  clientInfo={"model":"HM NOTE 1TD","version":"2.6.1","os":"4.2.2","screen":"1280*720","from":"UMENG_CHANNEL_VALUE","uniqid":"864375022142948","mac":"d4:97:0b:6a:cf:1d"}  platform=qq  
org.junit.ComparisonFailure: tag验证失败 expected:<[2]> but was:<[1]>
	at org.junit.Assert.assertEquals(Assert.java:125)
	at com.xunlei.wifi.test.modules.driver.CaseDriver.verifyResult(CaseDriver.java:217)
	at com.xunlei.wifi.test.modules.driver.CaseDriver.runCases(CaseDriver.java:111)
	at com.xunlei.wifi.test.drivecases.DriverTests.test_User(DriverTests.java:38)
	at sun.reflect.NativeMethodAccessorImpl.invoke0(Native Method)
	at sun.reflect.NativeMethodAccessorImpl.invoke(NativeMethodAccessorImpl.java:62)
	at sun.reflect.DelegatingMethodAccessorImpl.invoke(DelegatingMethodAccessorImpl.java:43)
	at java.lang.reflect.Method.invoke(Method.java:483)
	at org.junit.runners.model.FrameworkMethod$1.runReflectiveCall(FrameworkMethod.java:45)
	at org.junit.internal.runners.model.ReflectiveCallable.run(ReflectiveCallable.java:15)
	at org.junit.runners.model.FrameworkMethod.invokeExplosively(FrameworkMethod.java:47)
	at org.junit.internal.runners.statements.InvokeMethod.evaluate(InvokeMethod.java:20)
	at org.junit.internal.runners.statements.RunBefores.evaluate(RunBefores.java:28)
	at org.junit.internal.runners.statements.RunAfters.evaluate(RunAfters.java:30)
	at org.junit.rules.TestWatcher$1.evaluate(TestWatcher.java:47)
	at org.junit.rules.RunRules.evaluate(RunRules.java:18)
	at org.junit.runners.ParentRunner.runLeaf(ParentRunner.java:263)
	at org.junit.runners.BlockJUnit4ClassRunner.runChild(BlockJUnit4ClassRunner.java:70)
	at org.junit.runners.BlockJUnit4ClassRunner.runChild(BlockJUnit4ClassRunner.java:1)
	at org.junit.runners.ParentRunner$3.run(ParentRunner.java:231)
	at org.junit.runners.ParentRunner$1.schedule(ParentRunner.java:60)
	at org.junit.runners.ParentRunner.runChildren(ParentRunner.java:229)
	at org.junit.runners.ParentRunner.access$0(ParentRunner.java:227)
	at org.junit.runners.ParentRunner$2.evaluate(ParentRunner.java:222)
	at org.junit.internal.runners.statements.RunBefores.evaluate(RunBefores.java:28)
	at org.junit.runners.ParentRunner.run(ParentRunner.java:300)
	at junit.framework.JUnit4TestAdapter.run(JUnit4TestAdapter.java:39)
	at org.apache.tools.ant.taskdefs.optional.junit.JUnitTestRunner.run(JUnitTestRunner.java:532)
	at org.apache.tools.ant.taskdefs.optional.junit.JUnitTestRunner.launch(JUnitTestRunner.java:1179)
	at org.apache.tools.ant.taskdefs.optional.junit.JUnitTestRunner.main(JUnitTestRunner.java:1030)
callId=1425289873655  sig=5b3cba828756ac1c786ed192d9d34f89  t=ZUzIADgZjAmYEZANkBj9aYAA6AWoMPgI2  v=1.0  appId=1  clientInfo={"model":"HM NOTE 1TD","version":"2.6.1","os":"4.2.2","screen":"1280*720","from":"UMENG_CHANNEL_VALUE","uniqid":"864375022142948","mac":"d4:97:0b:6a:cf:1d"}  
callId=1425289873821  sig=ce76751c2296af842322537774ea8b86  t=ZUzIADgZjAmYEZANkBj9aYAA6AWoMPgI2  v=1.0  appId=1  clientInfo={"model":"HM NOTE 1TD","version":"2.6.1","os":"4.2.2","screen":"1280*720","from":"UMENG_CHANNEL_VALUE","uniqid":"864375022142948","mac":"d4:97:0b:6a:cf:1d"}  dump=reward.list  
]]></system-err>
</testsuite>
